<?xml version="1.0" encoding="UTF-8"?>
<coverage generated="1780914092324" clover="3.2.0">
  <project timestamp="1780914092324" name="All files">
    <metrics statements="4" coveredstatements="4" conditionals="6" coveredconditionals="6" methods="3" coveredmethods="3" elements="13" coveredelements="13" complexity="0" loc="4" ncloc="4" packages="2" files="4" classes="4"/>
    <package name="components">
      <metrics statements="4" coveredstatements="4" conditionals="6" coveredconditionals="6" methods="3" coveredmethods="3"/>
      <file name="Banner.jsx" path="/Users/famillebarbinleaute/Documents/Formation-Joris/Projets/Projet 8/Livrable Projet 8/TesteurLogiciel_appli_location_immobiliere_React-main/frontend/src/components/Banner.jsx">
        <metrics statements="1" coveredstatements="1" conditionals="2" coveredconditionals="2" methods="1" coveredmethods="1"/>
        <line num="4" count="2" type="stmt"/>
      </file>
      <file name="Collapse.jsx" path="/Users/famillebarbinleaute/Documents/Formation-Joris/Projets/Projet 8/Livrable Projet 8/TesteurLogiciel_appli_location_immobiliere_React-main/frontend/src/components/Collapse.jsx">
        <metrics statements="3" coveredstatements="3" conditionals="4" coveredconditionals="4" methods="2" coveredmethods="2"/>
        <line num="6" count="6" type="stmt"/>
        <line num="8" count="6" type="stmt"/>
        <line num="10" count="3" type="stmt"/>
      </file>
    </package>
    <package name="styles">
      <metrics statements="0" coveredstatements="0" conditionals="0" coveredconditionals="0" methods="0" coveredmethods="0"/>
      <file name="Banner.css" path="/Users/famillebarbinleaute/Documents/Formation-Joris/Projets/Projet 8/Livrable Projet 8/TesteurLogiciel_appli_location_immobiliere_React-main/frontend/src/styles/Banner.css">
        <metrics statements="0" coveredstatements="0" conditionals="0" coveredconditionals="0" methods="0" coveredmethods="0"/>
      </file>
      <file name="Collapse.css" path="/Users/famillebarbinleaute/Documents/Formation-Joris/Projets/Projet 8/Livrable Projet 8/TesteurLogiciel_appli_location_immobiliere_React-main/frontend/src/styles/Collapse.css">
        <metrics statements="0" coveredstatements="0" conditionals="0" coveredconditionals="0" methods="0" coveredmethods="0"/>
      </file>
    </package>
  </project>
</coverage>
