{"/Users/famillebarbinleaute/Documents/Formation-Joris/Projets/Projet 8/Livrable Projet 8/TesteurLogiciel_appli_location_immobiliere_React-main/frontend/src/components/Banner.jsx": {"path":"/Users/famillebarbinleaute/Documents/Formation-Joris/Projets/Projet 8/Livrable Projet 8/TesteurLogiciel_appli_location_immobiliere_React-main/frontend/src/components/Banner.jsx","statementMap":{"0":{"start":{"line":4,"column":2},"end":{"line":8,"column":null}}},"fnMap":{"0":{"name":"Banner","decl":{"start":{"line":3,"column":9},"end":{"line":3,"column":16}},"loc":{"start":{"line":3,"column":34},"end":{"line":10,"column":null}},"line":3}},"branchMap":{"0":{"loc":{"start":{"line":7,"column":7},"end":{"line":8,"column":null}},"type":"binary-expr","locations":[{"start":{"line":7,"column":7},"end":{"line":7,"column":16}},{"start":{"line":7,"column":16},"end":{"line":8,"column":null}}],"line":7}},"s":{"0":2},"f":{"0":2},"b":{"0":[2,1]},"meta":{"lastBranch":1,"lastFunction":1,"lastStatement":1,"seen":{"f:3:9:3:16":0,"s:4:2:8:Infinity":0,"b:7:7:7:16:7:16:8:Infinity":0}}}
,"/Users/famillebarbinleaute/Documents/Formation-Joris/Projets/Projet 8/Livrable Projet 8/TesteurLogiciel_appli_location_immobiliere_React-main/frontend/src/components/Collapse.jsx": {"path":"/Users/famillebarbinleaute/Documents/Formation-Joris/Projets/Projet 8/Livrable Projet 8/TesteurLogiciel_appli_location_immobiliere_React-main/frontend/src/components/Collapse.jsx","statementMap":{"0":{"start":{"line":6,"column":19},"end":{"line":6,"column":null}},"1":{"start":{"line":8,"column":4},"end":{"line":23,"column":null}},"2":{"start":{"line":10,"column":58},"end":{"line":10,"column":null}}},"fnMap":{"0":{"name":"Collapse","decl":{"start":{"line":5,"column":9},"end":{"line":5,"column":18}},"loc":{"start":{"line":5,"column":38},"end":{"line":25,"column":null}},"line":5},"1":{"name":"(anonymous_1)","decl":{"start":{"line":10,"column":43},"end":{"line":10,"column":58}},"loc":{"start":{"line":10,"column":58},"end":{"line":10,"column":null}},"line":10}},"branchMap":{"0":{"loc":{"start":{"line":13,"column":49},"end":{"line":13,"column":null}},"type":"cond-expr","locations":[{"start":{"line":13,"column":58},"end":{"line":13,"column":81}},{"start":{"line":13,"column":81},"end":{"line":13,"column":null}}],"line":13},"1":{"loc":{"start":{"line":18,"column":13},"end":{"line":23,"column":null}},"type":"binary-expr","locations":[{"start":{"line":18,"column":13},"end":{"line":18,"column":null}},{"start":{"line":19,"column":16},"end":{"line":23,"column":null}}],"line":18}},"s":{"0":6,"1":6,"2":3},"f":{"0":6,"1":3},"b":{"0":[2,4],"1":[6,2]},"meta":{"lastBranch":2,"lastFunction":2,"lastStatement":3,"seen":{"f:5:9:5:18":0,"s:6:19:6:Infinity":0,"s:8:4:23:Infinity":1,"f:10:43:10:58":1,"s:10:58:10:Infinity":2,"b:13:58:13:81:13:81:13:Infinity":0,"b:18:13:18:Infinity:19:16:23:Infinity":1}}}
,"/Users/famillebarbinleaute/Documents/Formation-Joris/Projets/Projet 8/Livrable Projet 8/TesteurLogiciel_appli_location_immobiliere_React-main/frontend/src/styles/Banner.css": {"path":"/Users/famillebarbinleaute/Documents/Formation-Joris/Projets/Projet 8/Livrable Projet 8/TesteurLogiciel_appli_location_immobiliere_React-main/frontend/src/styles/Banner.css","statementMap":{},"fnMap":{},"branchMap":{},"s":{},"f":{},"b":{},"meta":{"lastBranch":0,"lastFunction":0,"lastStatement":0,"seen":{}}}
,"/Users/famillebarbinleaute/Documents/Formation-Joris/Projets/Projet 8/Livrable Projet 8/TesteurLogiciel_appli_location_immobiliere_React-main/frontend/src/styles/Collapse.css": {"path":"/Users/famillebarbinleaute/Documents/Formation-Joris/Projets/Projet 8/Livrable Projet 8/TesteurLogiciel_appli_location_immobiliere_React-main/frontend/src/styles/Collapse.css","statementMap":{},"fnMap":{},"branchMap":{},"s":{},"f":{},"b":{},"meta":{"lastBranch":0,"lastFunction":0,"lastStatement":0,"seen":{}}}
}
